2024-04-02 01:41:03.243275+00:00 [notice] <0.248.0> Logging: configured log handlers are now ACTIVE
2024-04-02 01:41:03.251207+00:00 [info] <0.248.0> ra: starting system quorum_queues
2024-04-02 01:41:03.251341+00:00 [info] <0.248.0> starting Ra system: quorum_queues in directory: /var/lib/rabbitmq/mnesia/rabbit@0ef677b6347f/quorum/rabbit@0ef677b6347f
2024-04-02 01:41:03.325220+00:00 [info] <0.263.0> ra system 'quorum_queues' running pre init for 0 registered servers
2024-04-02 01:41:03.336807+00:00 [info] <0.264.0> ra: meta data store initialised for system quorum_queues. 0 record(s) recovered
2024-04-02 01:41:03.349352+00:00 [notice] <0.269.0> WAL: ra_log_wal init, open tbls: ra_log_open_mem_tables, closed tbls: ra_log_closed_mem_tables
2024-04-02 01:41:03.364893+00:00 [info] <0.248.0> ra: starting system coordination
2024-04-02 01:41:03.364955+00:00 [info] <0.248.0> starting Ra system: coordination in directory: /var/lib/rabbitmq/mnesia/rabbit@0ef677b6347f/coordination/rabbit@0ef677b6347f
2024-04-02 01:41:03.374360+00:00 [info] <0.276.0> ra system 'coordination' running pre init for 0 registered servers
2024-04-02 01:41:03.377381+00:00 [info] <0.277.0> ra: meta data store initialised for system coordination. 0 record(s) recovered
2024-04-02 01:41:03.377545+00:00 [notice] <0.282.0> WAL: ra_coordination_log_wal init, open tbls: ra_coordination_log_open_mem_tables, closed tbls: ra_coordination_log_closed_mem_tables
2024-04-02 01:41:03.388947+00:00 [info] <0.248.0> ra: starting system coordination
2024-04-02 01:41:03.389006+00:00 [info] <0.248.0> starting Ra system: coordination in directory: /var/lib/rabbitmq/mnesia/rabbit@0ef677b6347f/coordination/rabbit@0ef677b6347f
2024-04-02 01:41:03.491368+00:00 [info] <0.248.0> Waiting for Khepri leader for 30000 ms, 9 retries left
2024-04-02 01:41:03.504684+00:00 [notice] <0.285.0> RabbitMQ metadata store: candidate -> leader in term: 1 machine version: 0
2024-04-02 01:41:03.510867+00:00 [info] <0.248.0> Khepri leader elected
2024-04-02 01:41:03.794554+00:00 [info] <0.248.0> 
2024-04-02 01:41:03.794554+00:00 [info] <0.248.0>  Starting RabbitMQ 3.13.0 on Erlang 26.2.2 [jit]
2024-04-02 01:41:03.794554+00:00 [info] <0.248.0>  Copyright (c) 2007-2024 Broadcom Inc and/or its subsidiaries
2024-04-02 01:41:03.794554+00:00 [info] <0.248.0>  Licensed under the MPL 2.0. Website: https://rabbitmq.com
2024-04-02 01:41:03.797881+00:00 [info] <0.248.0> 
2024-04-02 01:41:03.797881+00:00 [info] <0.248.0>  node           : rabbit@0ef677b6347f
2024-04-02 01:41:03.797881+00:00 [info] <0.248.0>  home dir       : /var/lib/rabbitmq
2024-04-02 01:41:03.797881+00:00 [info] <0.248.0>  config file(s) : /etc/rabbitmq/rabbitmq.conf
2024-04-02 01:41:03.797881+00:00 [info] <0.248.0>  cookie hash    : sFODd9c7j6VceV+ZGz4k8g==
2024-04-02 01:41:03.797881+00:00 [info] <0.248.0>  log(s)         : /var/log/rabbitmq/rabbit@0ef677b6347f.log
2024-04-02 01:41:03.797881+00:00 [info] <0.248.0>                 : <stdout>
2024-04-02 01:41:03.797881+00:00 [info] <0.248.0>  data dir       : /var/lib/rabbitmq/mnesia/rabbit@0ef677b6347f
2024-04-02 01:41:04.153496+00:00 [info] <0.248.0> Running boot step pre_boot defined by app rabbit
2024-04-02 01:41:04.153604+00:00 [info] <0.248.0> Running boot step rabbit_global_counters defined by app rabbit
2024-04-02 01:41:04.153857+00:00 [info] <0.248.0> Running boot step rabbit_osiris_metrics defined by app rabbit
2024-04-02 01:41:04.154105+00:00 [info] <0.248.0> Running boot step rabbit_core_metrics defined by app rabbit
2024-04-02 01:41:04.155087+00:00 [info] <0.248.0> Running boot step rabbit_alarm defined by app rabbit
2024-04-02 01:41:04.163797+00:00 [info] <0.322.0> Memory high watermark set to 6355 MiB (6664552448 bytes) of 15889 MiB (16661381120 bytes) total
2024-04-02 01:41:04.167125+00:00 [info] <0.324.0> Enabling free disk space monitoring (disk free space: 627595194368, total memory: 16661381120)
2024-04-02 01:41:04.167190+00:00 [info] <0.324.0> Disk free limit set to 50MB
2024-04-02 01:41:04.169365+00:00 [info] <0.248.0> Running boot step code_server_cache defined by app rabbit
2024-04-02 01:41:04.169474+00:00 [info] <0.248.0> Running boot step file_handle_cache defined by app rabbit
2024-04-02 01:41:04.175150+00:00 [info] <0.327.0> Limiting to approx 1048479 file handles (943629 sockets)
2024-04-02 01:41:04.175365+00:00 [info] <0.328.0> FHC read buffering: OFF
2024-04-02 01:41:04.175392+00:00 [info] <0.328.0> FHC write buffering: ON
2024-04-02 01:41:04.175700+00:00 [info] <0.248.0> Running boot step worker_pool defined by app rabbit
2024-04-02 01:41:04.175781+00:00 [info] <0.308.0> Will use 24 processes for default worker pool
2024-04-02 01:41:04.175799+00:00 [info] <0.308.0> Starting worker pool 'worker_pool' with 24 processes in it
2024-04-02 01:41:04.176482+00:00 [info] <0.248.0> Running boot step database defined by app rabbit
2024-04-02 01:41:04.177917+00:00 [info] <0.248.0> Peer discovery: configured backend: rabbit_peer_discovery_classic_config
2024-04-02 01:41:04.182402+00:00 [notice] <0.309.0> Feature flags: attempt to enable `mqtt_v5`...
2024-04-02 01:41:04.205079+00:00 [notice] <0.309.0> Feature flags: attempt to enable `delete_ra_cluster_mqtt_node`...
2024-04-02 01:41:04.232553+00:00 [info] <0.365.0> Trying to acquire lock {mqtt_node,{mqtt_node,rabbit@0ef677b6347f}} on nodes [rabbit@0ef677b6347f] ...
2024-04-02 01:41:04.232723+00:00 [info] <0.365.0> Acquired lock {mqtt_node,{mqtt_node,rabbit@0ef677b6347f}}
2024-04-02 01:41:04.232766+00:00 [info] <0.365.0> Local Ra process mqtt_node does not exist
2024-04-02 01:41:04.232921+00:00 [info] <0.365.0> Released lock {mqtt_node,{mqtt_node,rabbit@0ef677b6347f}}
2024-04-02 01:41:04.259879+00:00 [notice] <0.309.0> Feature flags: `delete_ra_cluster_mqtt_node` enabled
2024-04-02 01:41:04.259973+00:00 [notice] <0.309.0> Feature flags: attempt to enable `message_containers`...
2024-04-02 01:41:04.313095+00:00 [notice] <0.309.0> Feature flags: `message_containers` enabled
2024-04-02 01:41:04.341724+00:00 [notice] <0.309.0> Feature flags: `mqtt_v5` enabled
2024-04-02 01:41:04.341851+00:00 [notice] <0.309.0> Feature flags: attempt to enable `detailed_queues_endpoint`...
2024-04-02 01:41:04.396096+00:00 [notice] <0.309.0> Feature flags: `detailed_queues_endpoint` enabled
2024-04-02 01:41:04.396204+00:00 [notice] <0.309.0> Feature flags: attempt to enable `stream_update_config_command`...
2024-04-02 01:41:04.448000+00:00 [notice] <0.309.0> Feature flags: `stream_update_config_command` enabled
2024-04-02 01:41:04.448115+00:00 [notice] <0.309.0> Feature flags: attempt to enable `stream_filtering`...
2024-04-02 01:41:04.503737+00:00 [notice] <0.309.0> Feature flags: `stream_filtering` enabled
2024-04-02 01:41:04.503878+00:00 [notice] <0.309.0> Feature flags: attempt to enable `stream_sac_coordinator_unblock_group`...
2024-04-02 01:41:04.560544+00:00 [notice] <0.309.0> Feature flags: `stream_sac_coordinator_unblock_group` enabled
2024-04-02 01:41:04.560681+00:00 [notice] <0.309.0> Feature flags: attempt to enable `restart_streams`...
2024-04-02 01:41:04.616075+00:00 [notice] <0.309.0> Feature flags: `restart_streams` enabled
2024-04-02 01:41:04.616299+00:00 [notice] <0.309.0> Feature flags: attempt to enable `rabbit_mqtt_qos0_queue`...
2024-04-02 01:41:04.666399+00:00 [notice] <0.309.0> Feature flags: `rabbit_mqtt_qos0_queue` enabled
2024-04-02 01:41:04.666828+00:00 [info] <0.248.0> DB: virgin node -> run peer discovery
2024-04-02 01:41:04.679380+00:00 [notice] <0.44.0> Application mnesia exited with reason: stopped
2024-04-02 01:41:05.030922+00:00 [info] <0.248.0> Waiting for Mnesia tables for 30000 ms, 9 retries left
2024-04-02 01:41:05.031024+00:00 [info] <0.248.0> Successfully synced tables from a peer
2024-04-02 01:41:05.031073+00:00 [info] <0.248.0> Waiting for Mnesia tables for 30000 ms, 9 retries left
2024-04-02 01:41:05.031095+00:00 [info] <0.248.0> Successfully synced tables from a peer
2024-04-02 01:41:05.057756+00:00 [info] <0.248.0> Waiting for Mnesia tables for 30000 ms, 9 retries left
2024-04-02 01:41:05.057930+00:00 [info] <0.248.0> Successfully synced tables from a peer
2024-04-02 01:41:05.058082+00:00 [info] <0.248.0> Running boot step tracking_metadata_store defined by app rabbit
2024-04-02 01:41:05.058146+00:00 [info] <0.579.0> Setting up a table for connection tracking on this node: tracked_connection
2024-04-02 01:41:05.058206+00:00 [info] <0.579.0> Setting up a table for per-vhost connection counting on this node: tracked_connection_per_vhost
2024-04-02 01:41:05.058253+00:00 [info] <0.579.0> Setting up a table for per-user connection counting on this node: tracked_connection_per_user
2024-04-02 01:41:05.058285+00:00 [info] <0.579.0> Setting up a table for channel tracking on this node: tracked_channel
2024-04-02 01:41:05.058313+00:00 [info] <0.579.0> Setting up a table for channel tracking on this node: tracked_channel_per_user
2024-04-02 01:41:05.058352+00:00 [info] <0.248.0> Running boot step networking_metadata_store defined by app rabbit
2024-04-02 01:41:05.058419+00:00 [info] <0.248.0> Running boot step feature_flags defined by app rabbit
2024-04-02 01:41:05.059523+00:00 [info] <0.248.0> Running boot step codec_correctness_check defined by app rabbit
2024-04-02 01:41:05.059560+00:00 [info] <0.248.0> Running boot step external_infrastructure defined by app rabbit
2024-04-02 01:41:05.059571+00:00 [info] <0.248.0> Running boot step rabbit_event defined by app rabbit
2024-04-02 01:41:05.059636+00:00 [info] <0.248.0> Running boot step rabbit_registry defined by app rabbit
2024-04-02 01:41:05.059679+00:00 [info] <0.248.0> Running boot step rabbit_auth_mechanism_amqplain defined by app rabbit
2024-04-02 01:41:05.059734+00:00 [info] <0.248.0> Running boot step rabbit_auth_mechanism_cr_demo defined by app rabbit
2024-04-02 01:41:05.059775+00:00 [info] <0.248.0> Running boot step rabbit_auth_mechanism_plain defined by app rabbit
2024-04-02 01:41:05.059825+00:00 [info] <0.248.0> Running boot step rabbit_exchange_type_direct defined by app rabbit
2024-04-02 01:41:05.059902+00:00 [info] <0.248.0> Running boot step rabbit_exchange_type_fanout defined by app rabbit
2024-04-02 01:41:05.059993+00:00 [info] <0.248.0> Running boot step rabbit_exchange_type_headers defined by app rabbit
2024-04-02 01:41:05.060032+00:00 [info] <0.248.0> Running boot step rabbit_exchange_type_topic defined by app rabbit
2024-04-02 01:41:05.060085+00:00 [info] <0.248.0> Running boot step rabbit_mirror_queue_mode_all defined by app rabbit
2024-04-02 01:41:05.060149+00:00 [info] <0.248.0> Running boot step rabbit_mirror_queue_mode_exactly defined by app rabbit
2024-04-02 01:41:05.060177+00:00 [info] <0.248.0> Running boot step rabbit_mirror_queue_mode_nodes defined by app rabbit
2024-04-02 01:41:05.060194+00:00 [info] <0.248.0> Running boot step rabbit_priority_queue defined by app rabbit
2024-04-02 01:41:05.060205+00:00 [info] <0.248.0> Priority queues enabled, real BQ is rabbit_variable_queue
2024-04-02 01:41:05.060224+00:00 [info] <0.248.0> Running boot step rabbit_queue_location_client_local defined by app rabbit
2024-04-02 01:41:05.060267+00:00 [info] <0.248.0> Running boot step rabbit_queue_location_min_masters defined by app rabbit
2024-04-02 01:41:05.060298+00:00 [info] <0.248.0> Running boot step rabbit_queue_location_random defined by app rabbit
2024-04-02 01:41:05.060330+00:00 [info] <0.248.0> Running boot step kernel_ready defined by app rabbit
2024-04-02 01:41:05.060342+00:00 [info] <0.248.0> Running boot step rabbit_sysmon_minder defined by app rabbit
2024-04-02 01:41:05.060444+00:00 [info] <0.248.0> Running boot step rabbit_epmd_monitor defined by app rabbit
2024-04-02 01:41:05.061013+00:00 [info] <0.587.0> epmd monitor knows us, inter-node communication (distribution) port: 25672
2024-04-02 01:41:05.061083+00:00 [info] <0.248.0> Running boot step guid_generator defined by app rabbit
2024-04-02 01:41:05.074465+00:00 [info] <0.248.0> Running boot step rabbit_node_monitor defined by app rabbit
2024-04-02 01:41:05.074671+00:00 [info] <0.591.0> Starting rabbit_node_monitor (in ignore mode)
2024-04-02 01:41:05.074739+00:00 [info] <0.248.0> Running boot step delegate_sup defined by app rabbit
2024-04-02 01:41:05.074953+00:00 [info] <0.248.0> Running boot step rabbit_memory_monitor defined by app rabbit
2024-04-02 01:41:05.075120+00:00 [info] <0.248.0> Running boot step rabbit_fifo_dlx_sup defined by app rabbit
2024-04-02 01:41:05.075188+00:00 [info] <0.248.0> Running boot step core_initialized defined by app rabbit
2024-04-02 01:41:05.075228+00:00 [info] <0.248.0> Running boot step rabbit_channel_tracking_handler defined by app rabbit
2024-04-02 01:41:05.075298+00:00 [info] <0.248.0> Running boot step rabbit_connection_tracking_handler defined by app rabbit
2024-04-02 01:41:05.075323+00:00 [info] <0.248.0> Running boot step rabbit_definitions_hashing defined by app rabbit
2024-04-02 01:41:05.075359+00:00 [info] <0.248.0> Running boot step rabbit_exchange_parameters defined by app rabbit
2024-04-02 01:41:05.099867+00:00 [info] <0.248.0> Running boot step rabbit_mirror_queue_misc defined by app rabbit
2024-04-02 01:41:05.100433+00:00 [info] <0.248.0> Running boot step rabbit_policies defined by app rabbit
2024-04-02 01:41:05.100740+00:00 [info] <0.248.0> Running boot step rabbit_policy defined by app rabbit
2024-04-02 01:41:05.100790+00:00 [info] <0.248.0> Running boot step rabbit_queue_location_validator defined by app rabbit
2024-04-02 01:41:05.100854+00:00 [info] <0.248.0> Running boot step rabbit_quorum_memory_manager defined by app rabbit
2024-04-02 01:41:05.100912+00:00 [info] <0.248.0> Running boot step rabbit_quorum_queue defined by app rabbit
2024-04-02 01:41:05.100971+00:00 [info] <0.248.0> Running boot step rabbit_stream_coordinator defined by app rabbit
2024-04-02 01:41:05.101295+00:00 [info] <0.248.0> Running boot step rabbit_vhost_limit defined by app rabbit
2024-04-02 01:41:05.101355+00:00 [info] <0.248.0> Running boot step rabbit_mgmt_reset_handler defined by app rabbitmq_management
2024-04-02 01:41:05.101399+00:00 [info] <0.248.0> Running boot step rabbit_mgmt_db_handler defined by app rabbitmq_management_agent
2024-04-02 01:41:05.101462+00:00 [info] <0.248.0> Management plugin: using rates mode 'basic'
2024-04-02 01:41:05.101736+00:00 [info] <0.248.0> Running boot step recovery defined by app rabbit
2024-04-02 01:41:05.112276+00:00 [info] <0.248.0> Running boot step empty_db_check defined by app rabbit
2024-04-02 01:41:05.112365+00:00 [info] <0.248.0> Will seed default virtual host and user...
2024-04-02 01:41:05.112419+00:00 [info] <0.248.0> Adding vhost '/' (description: 'Default virtual host', tags: [])
2024-04-02 01:41:05.115459+00:00 [info] <0.248.0> Inserted a virtual host record {vhost,<<"/">>,[],
2024-04-02 01:41:05.115459+00:00 [info] <0.248.0>                                       #{description =>
2024-04-02 01:41:05.115459+00:00 [info] <0.248.0>                                             <<"Default virtual host">>,
2024-04-02 01:41:05.115459+00:00 [info] <0.248.0>                                         tags => []}}
2024-04-02 01:41:05.140861+00:00 [info] <0.638.0> Making sure data directory '/var/lib/rabbitmq/mnesia/rabbit@0ef677b6347f/msg_stores/vhosts/628WB79CIFDYO9LJI6DKMI09L' for vhost '/' exists
2024-04-02 01:41:05.148968+00:00 [info] <0.638.0> Setting segment_entry_count for vhost '/' with 0 queues to '2048'
2024-04-02 01:41:05.174448+00:00 [info] <0.638.0> Starting message stores for vhost '/'
2024-04-02 01:41:05.179819+00:00 [info] <0.648.0> Message store "628WB79CIFDYO9LJI6DKMI09L/msg_store_transient": using rabbit_msg_store_ets_index to provide index
2024-04-02 01:41:05.186288+00:00 [info] <0.638.0> Started message store of type transient for vhost '/'
2024-04-02 01:41:05.186511+00:00 [info] <0.652.0> Message store "628WB79CIFDYO9LJI6DKMI09L/msg_store_persistent": using rabbit_msg_store_ets_index to provide index
2024-04-02 01:41:05.188450+00:00 [warning] <0.652.0> Message store "628WB79CIFDYO9LJI6DKMI09L/msg_store_persistent": rebuilding indices from scratch
2024-04-02 01:41:05.193491+00:00 [info] <0.638.0> Started message store of type persistent for vhost '/'
2024-04-02 01:41:05.193715+00:00 [info] <0.638.0> Recovering 0 queues of type rabbit_classic_queue took 41ms
2024-04-02 01:41:05.193764+00:00 [info] <0.638.0> Recovering 0 queues of type rabbit_quorum_queue took 0ms
2024-04-02 01:41:05.193834+00:00 [info] <0.638.0> Recovering 0 queues of type rabbit_stream_queue took 0ms
2024-04-02 01:41:05.198154+00:00 [info] <0.248.0> Created user 'admin'
2024-04-02 01:41:05.201090+00:00 [info] <0.248.0> Successfully set user tags for user 'admin' to [administrator]
2024-04-02 01:41:05.204414+00:00 [info] <0.248.0> Successfully set permissions for user 'admin' in virtual host '/' to '.*', '.*', '.*'
2024-04-02 01:41:05.204573+00:00 [info] <0.248.0> Running boot step rabbit_observer_cli defined by app rabbit
2024-04-02 01:41:05.204725+00:00 [info] <0.248.0> Running boot step rabbit_looking_glass defined by app rabbit
2024-04-02 01:41:05.204773+00:00 [info] <0.248.0> Running boot step rabbit_core_metrics_gc defined by app rabbit
2024-04-02 01:41:05.204941+00:00 [info] <0.248.0> Running boot step background_gc defined by app rabbit
2024-04-02 01:41:05.205179+00:00 [info] <0.248.0> Running boot step routing_ready defined by app rabbit
2024-04-02 01:41:05.205221+00:00 [info] <0.248.0> Running boot step pre_flight defined by app rabbit
2024-04-02 01:41:05.205279+00:00 [info] <0.248.0> Running boot step notify_cluster defined by app rabbit
2024-04-02 01:41:05.205322+00:00 [info] <0.248.0> Running boot step networking defined by app rabbit
2024-04-02 01:41:05.205349+00:00 [info] <0.248.0> Running boot step rabbit_quorum_queue_periodic_membership_reconciliation defined by app rabbit
2024-04-02 01:41:05.205459+00:00 [info] <0.248.0> Running boot step definition_import_worker_pool defined by app rabbit
2024-04-02 01:41:05.205548+00:00 [info] <0.308.0> Starting worker pool 'definition_import_pool' with 24 processes in it
2024-04-02 01:41:05.206277+00:00 [info] <0.248.0> Running boot step cluster_name defined by app rabbit
2024-04-02 01:41:05.206358+00:00 [info] <0.248.0> Initialising internal cluster ID to 'rabbitmq-cluster-id-ZgCs_SPGa5vIygn2KW3zag'
2024-04-02 01:41:05.213362+00:00 [info] <0.248.0> Running boot step direct_client defined by app rabbit
2024-04-02 01:41:05.213539+00:00 [info] <0.248.0> Running boot step rabbit_management_load_definitions defined by app rabbitmq_management
2024-04-02 01:41:05.213636+00:00 [info] <0.709.0> Resetting node maintenance status
2024-04-02 01:41:05.225331+00:00 [warning] <0.732.0> Deprecated features: `management_metrics_collection`: Feature `management_metrics_collection` is deprecated.
2024-04-02 01:41:05.225331+00:00 [warning] <0.732.0> By default, this feature can still be used for now.
2024-04-02 01:41:05.225331+00:00 [warning] <0.732.0> Its use will not be permitted by default in a future minor RabbitMQ version and the feature will be removed from a future major RabbitMQ version; actual versions to be determined.
2024-04-02 01:41:05.225331+00:00 [warning] <0.732.0> To continue using this feature when it is not permitted by default, set the following parameter in your configuration:
2024-04-02 01:41:05.225331+00:00 [warning] <0.732.0>     "deprecated_features.permit.management_metrics_collection = true"
2024-04-02 01:41:05.225331+00:00 [warning] <0.732.0> To test RabbitMQ as if the feature was removed, set this in your configuration:
2024-04-02 01:41:05.225331+00:00 [warning] <0.732.0>     "deprecated_features.permit.management_metrics_collection = false"
2024-04-02 01:41:07.700764+00:00 [info] <0.769.0> Management plugin: HTTP (non-TLS) listener started on port 15672
2024-04-02 01:41:07.700903+00:00 [info] <0.800.0> Statistics database started.
2024-04-02 01:41:07.700960+00:00 [info] <0.799.0> Starting worker pool 'management_worker_pool' with 3 processes in it
2024-04-02 01:41:07.701471+00:00 [info] <0.809.0> rabbit_stomp: default user 'guest' enabled
2024-04-02 01:41:07.702171+00:00 [info] <0.828.0> started STOMP TCP listener on [::]:61613
2024-04-02 01:41:07.703531+00:00 [info] <0.835.0> Starting MQTT retained message store rabbit_mqtt_retained_msg_store_dets for vhost '/'
2024-04-02 01:41:07.704110+00:00 [info] <0.835.0> Recovered MQTT retained message store rabbit_mqtt_retained_msg_store_dets for vhost '/'
2024-04-02 01:41:07.704540+00:00 [info] <0.855.0> started MQTT TCP listener on [::]:1883
2024-04-02 01:41:07.705020+00:00 [info] <0.709.0> Ready to start client connection listeners
2024-04-02 01:41:07.706393+00:00 [info] <0.873.0> started TCP listener on [::]:5672
2024-04-02 01:41:07.794269+00:00 [info] <0.709.0> Server startup complete; 5 plugins started.
2024-04-02 01:41:07.794269+00:00 [info] <0.709.0>  * rabbitmq_mqtt
2024-04-02 01:41:07.794269+00:00 [info] <0.709.0>  * rabbitmq_stomp
2024-04-02 01:41:07.794269+00:00 [info] <0.709.0>  * rabbitmq_management
2024-04-02 01:41:07.794269+00:00 [info] <0.709.0>  * rabbitmq_management_agent
2024-04-02 01:41:07.794269+00:00 [info] <0.709.0>  * rabbitmq_web_dispatch
2024-04-02 01:41:07.834350+00:00 [info] <0.9.0> Time to start RabbitMQ: 6921564 us
2024-04-02 01:41:08.663577+00:00 [info] <0.877.0> accepting STOMP connection <0.877.0> (172.31.0.1:59430 -> 172.31.0.3:61613)
2024-04-02 01:41:08.665196+00:00 [warning] <0.877.0> AMQP 0-9-1 client call timeout was 70000 ms, is updated to a safe effective value of 130000 ms
