2024-04-02 00:22:54.034257+00:00 [notice] <0.248.0> Logging: configured log handlers are now ACTIVE
2024-04-02 00:22:54.041785+00:00 [info] <0.248.0> ra: starting system quorum_queues
2024-04-02 00:22:54.041876+00:00 [info] <0.248.0> starting Ra system: quorum_queues in directory: /var/lib/rabbitmq/mnesia/rabbit@bd1c150f4f86/quorum/rabbit@bd1c150f4f86
2024-04-02 00:22:54.110539+00:00 [info] <0.263.0> ra system 'quorum_queues' running pre init for 0 registered servers
2024-04-02 00:22:54.123436+00:00 [info] <0.264.0> ra: meta data store initialised for system quorum_queues. 0 record(s) recovered
2024-04-02 00:22:54.135785+00:00 [notice] <0.269.0> WAL: ra_log_wal init, open tbls: ra_log_open_mem_tables, closed tbls: ra_log_closed_mem_tables
2024-04-02 00:22:54.149756+00:00 [info] <0.248.0> ra: starting system coordination
2024-04-02 00:22:54.149825+00:00 [info] <0.248.0> starting Ra system: coordination in directory: /var/lib/rabbitmq/mnesia/rabbit@bd1c150f4f86/coordination/rabbit@bd1c150f4f86
2024-04-02 00:22:54.158189+00:00 [info] <0.276.0> ra system 'coordination' running pre init for 0 registered servers
2024-04-02 00:22:54.161199+00:00 [info] <0.277.0> ra: meta data store initialised for system coordination. 0 record(s) recovered
2024-04-02 00:22:54.161389+00:00 [notice] <0.282.0> WAL: ra_coordination_log_wal init, open tbls: ra_coordination_log_open_mem_tables, closed tbls: ra_coordination_log_closed_mem_tables
2024-04-02 00:22:54.172042+00:00 [info] <0.248.0> ra: starting system coordination
2024-04-02 00:22:54.172111+00:00 [info] <0.248.0> starting Ra system: coordination in directory: /var/lib/rabbitmq/mnesia/rabbit@bd1c150f4f86/coordination/rabbit@bd1c150f4f86
2024-04-02 00:22:54.269857+00:00 [info] <0.248.0> Waiting for Khepri leader for 30000 ms, 9 retries left
2024-04-02 00:22:54.282436+00:00 [notice] <0.285.0> RabbitMQ metadata store: candidate -> leader in term: 1 machine version: 0
2024-04-02 00:22:54.287698+00:00 [info] <0.248.0> Khepri leader elected
2024-04-02 00:22:54.572577+00:00 [info] <0.248.0> 
2024-04-02 00:22:54.572577+00:00 [info] <0.248.0>  Starting RabbitMQ 3.13.0 on Erlang 26.2.2 [jit]
2024-04-02 00:22:54.572577+00:00 [info] <0.248.0>  Copyright (c) 2007-2024 Broadcom Inc and/or its subsidiaries
2024-04-02 00:22:54.572577+00:00 [info] <0.248.0>  Licensed under the MPL 2.0. Website: https://rabbitmq.com
2024-04-02 00:22:54.575967+00:00 [info] <0.248.0> 
2024-04-02 00:22:54.575967+00:00 [info] <0.248.0>  node           : rabbit@bd1c150f4f86
2024-04-02 00:22:54.575967+00:00 [info] <0.248.0>  home dir       : /var/lib/rabbitmq
2024-04-02 00:22:54.575967+00:00 [info] <0.248.0>  config file(s) : /etc/rabbitmq/rabbitmq.conf
2024-04-02 00:22:54.575967+00:00 [info] <0.248.0>  cookie hash    : HcZJtB3objtEokoV8B/w6Q==
2024-04-02 00:22:54.575967+00:00 [info] <0.248.0>  log(s)         : /var/log/rabbitmq/rabbit@bd1c150f4f86.log
2024-04-02 00:22:54.575967+00:00 [info] <0.248.0>                 : <stdout>
2024-04-02 00:22:54.575967+00:00 [info] <0.248.0>  data dir       : /var/lib/rabbitmq/mnesia/rabbit@bd1c150f4f86
2024-04-02 00:22:54.923385+00:00 [info] <0.248.0> Running boot step pre_boot defined by app rabbit
2024-04-02 00:22:54.923488+00:00 [info] <0.248.0> Running boot step rabbit_global_counters defined by app rabbit
2024-04-02 00:22:54.924120+00:00 [info] <0.248.0> Running boot step rabbit_osiris_metrics defined by app rabbit
2024-04-02 00:22:54.924230+00:00 [info] <0.248.0> Running boot step rabbit_core_metrics defined by app rabbit
2024-04-02 00:22:54.925155+00:00 [info] <0.248.0> Running boot step rabbit_alarm defined by app rabbit
2024-04-02 00:22:54.933202+00:00 [info] <0.322.0> Memory high watermark set to 6355 MiB (6664552448 bytes) of 15889 MiB (16661381120 bytes) total
2024-04-02 00:22:54.935941+00:00 [info] <0.324.0> Enabling free disk space monitoring (disk free space: 634843004928, total memory: 16661381120)
2024-04-02 00:22:54.935995+00:00 [info] <0.324.0> Disk free limit set to 50MB
2024-04-02 00:22:54.937830+00:00 [info] <0.248.0> Running boot step code_server_cache defined by app rabbit
2024-04-02 00:22:54.937896+00:00 [info] <0.248.0> Running boot step file_handle_cache defined by app rabbit
2024-04-02 00:22:54.942827+00:00 [info] <0.327.0> Limiting to approx 1048479 file handles (943629 sockets)
2024-04-02 00:22:54.942965+00:00 [info] <0.328.0> FHC read buffering: OFF
2024-04-02 00:22:54.942998+00:00 [info] <0.328.0> FHC write buffering: ON
2024-04-02 00:22:54.943526+00:00 [info] <0.248.0> Running boot step worker_pool defined by app rabbit
2024-04-02 00:22:54.943590+00:00 [info] <0.308.0> Will use 24 processes for default worker pool
2024-04-02 00:22:54.943609+00:00 [info] <0.308.0> Starting worker pool 'worker_pool' with 24 processes in it
2024-04-02 00:22:54.944254+00:00 [info] <0.248.0> Running boot step database defined by app rabbit
2024-04-02 00:22:54.945862+00:00 [info] <0.248.0> Peer discovery: configured backend: rabbit_peer_discovery_classic_config
2024-04-02 00:22:54.950372+00:00 [notice] <0.309.0> Feature flags: attempt to enable `mqtt_v5`...
2024-04-02 00:22:54.973277+00:00 [notice] <0.309.0> Feature flags: attempt to enable `delete_ra_cluster_mqtt_node`...
2024-04-02 00:22:55.001931+00:00 [info] <0.365.0> Trying to acquire lock {mqtt_node,{mqtt_node,rabbit@bd1c150f4f86}} on nodes [rabbit@bd1c150f4f86] ...
2024-04-02 00:22:55.002105+00:00 [info] <0.365.0> Acquired lock {mqtt_node,{mqtt_node,rabbit@bd1c150f4f86}}
2024-04-02 00:22:55.002228+00:00 [info] <0.365.0> Local Ra process mqtt_node does not exist
2024-04-02 00:22:55.002318+00:00 [info] <0.365.0> Released lock {mqtt_node,{mqtt_node,rabbit@bd1c150f4f86}}
2024-04-02 00:22:55.028011+00:00 [notice] <0.309.0> Feature flags: `delete_ra_cluster_mqtt_node` enabled
2024-04-02 00:22:55.028079+00:00 [notice] <0.309.0> Feature flags: attempt to enable `message_containers`...
2024-04-02 00:22:55.086349+00:00 [notice] <0.309.0> Feature flags: `message_containers` enabled
2024-04-02 00:22:55.117145+00:00 [notice] <0.309.0> Feature flags: `mqtt_v5` enabled
2024-04-02 00:22:55.117381+00:00 [notice] <0.309.0> Feature flags: attempt to enable `detailed_queues_endpoint`...
2024-04-02 00:22:55.169461+00:00 [notice] <0.309.0> Feature flags: `detailed_queues_endpoint` enabled
2024-04-02 00:22:55.169578+00:00 [notice] <0.309.0> Feature flags: attempt to enable `stream_update_config_command`...
2024-04-02 00:22:55.222882+00:00 [notice] <0.309.0> Feature flags: `stream_update_config_command` enabled
2024-04-02 00:22:55.222974+00:00 [notice] <0.309.0> Feature flags: attempt to enable `stream_filtering`...
2024-04-02 00:22:55.277911+00:00 [notice] <0.309.0> Feature flags: `stream_filtering` enabled
2024-04-02 00:22:55.278070+00:00 [notice] <0.309.0> Feature flags: attempt to enable `stream_sac_coordinator_unblock_group`...
2024-04-02 00:22:55.330401+00:00 [notice] <0.309.0> Feature flags: `stream_sac_coordinator_unblock_group` enabled
2024-04-02 00:22:55.330543+00:00 [notice] <0.309.0> Feature flags: attempt to enable `restart_streams`...
2024-04-02 00:22:55.390604+00:00 [notice] <0.309.0> Feature flags: `restart_streams` enabled
2024-04-02 00:22:55.390756+00:00 [notice] <0.309.0> Feature flags: attempt to enable `rabbit_mqtt_qos0_queue`...
2024-04-02 00:22:55.442880+00:00 [notice] <0.309.0> Feature flags: `rabbit_mqtt_qos0_queue` enabled
2024-04-02 00:22:55.443132+00:00 [info] <0.248.0> DB: virgin node -> run peer discovery
2024-04-02 00:22:55.453753+00:00 [notice] <0.44.0> Application mnesia exited with reason: stopped
2024-04-02 00:22:55.779302+00:00 [info] <0.248.0> Waiting for Mnesia tables for 30000 ms, 9 retries left
2024-04-02 00:22:55.779417+00:00 [info] <0.248.0> Successfully synced tables from a peer
2024-04-02 00:22:55.779516+00:00 [info] <0.248.0> Waiting for Mnesia tables for 30000 ms, 9 retries left
2024-04-02 00:22:55.779592+00:00 [info] <0.248.0> Successfully synced tables from a peer
2024-04-02 00:22:55.803320+00:00 [info] <0.248.0> Waiting for Mnesia tables for 30000 ms, 9 retries left
2024-04-02 00:22:55.803465+00:00 [info] <0.248.0> Successfully synced tables from a peer
2024-04-02 00:22:55.803633+00:00 [info] <0.248.0> Running boot step tracking_metadata_store defined by app rabbit
2024-04-02 00:22:55.803693+00:00 [info] <0.579.0> Setting up a table for connection tracking on this node: tracked_connection
2024-04-02 00:22:55.803724+00:00 [info] <0.579.0> Setting up a table for per-vhost connection counting on this node: tracked_connection_per_vhost
2024-04-02 00:22:55.803808+00:00 [info] <0.579.0> Setting up a table for per-user connection counting on this node: tracked_connection_per_user
2024-04-02 00:22:55.803873+00:00 [info] <0.579.0> Setting up a table for channel tracking on this node: tracked_channel
2024-04-02 00:22:55.803921+00:00 [info] <0.579.0> Setting up a table for channel tracking on this node: tracked_channel_per_user
2024-04-02 00:22:55.803993+00:00 [info] <0.248.0> Running boot step networking_metadata_store defined by app rabbit
2024-04-02 00:22:55.804091+00:00 [info] <0.248.0> Running boot step feature_flags defined by app rabbit
2024-04-02 00:22:55.805097+00:00 [info] <0.248.0> Running boot step codec_correctness_check defined by app rabbit
2024-04-02 00:22:55.805127+00:00 [info] <0.248.0> Running boot step external_infrastructure defined by app rabbit
2024-04-02 00:22:55.805162+00:00 [info] <0.248.0> Running boot step rabbit_event defined by app rabbit
2024-04-02 00:22:55.805252+00:00 [info] <0.248.0> Running boot step rabbit_registry defined by app rabbit
2024-04-02 00:22:55.805300+00:00 [info] <0.248.0> Running boot step rabbit_auth_mechanism_amqplain defined by app rabbit
2024-04-02 00:22:55.805414+00:00 [info] <0.248.0> Running boot step rabbit_auth_mechanism_cr_demo defined by app rabbit
2024-04-02 00:22:55.805484+00:00 [info] <0.248.0> Running boot step rabbit_auth_mechanism_plain defined by app rabbit
2024-04-02 00:22:55.805514+00:00 [info] <0.248.0> Running boot step rabbit_exchange_type_direct defined by app rabbit
2024-04-02 00:22:55.805609+00:00 [info] <0.248.0> Running boot step rabbit_exchange_type_fanout defined by app rabbit
2024-04-02 00:22:55.805728+00:00 [info] <0.248.0> Running boot step rabbit_exchange_type_headers defined by app rabbit
2024-04-02 00:22:55.805782+00:00 [info] <0.248.0> Running boot step rabbit_exchange_type_topic defined by app rabbit
2024-04-02 00:22:55.805839+00:00 [info] <0.248.0> Running boot step rabbit_mirror_queue_mode_all defined by app rabbit
2024-04-02 00:22:55.805905+00:00 [info] <0.248.0> Running boot step rabbit_mirror_queue_mode_exactly defined by app rabbit
2024-04-02 00:22:55.805961+00:00 [info] <0.248.0> Running boot step rabbit_mirror_queue_mode_nodes defined by app rabbit
2024-04-02 00:22:55.806024+00:00 [info] <0.248.0> Running boot step rabbit_priority_queue defined by app rabbit
2024-04-02 00:22:55.806046+00:00 [info] <0.248.0> Priority queues enabled, real BQ is rabbit_variable_queue
2024-04-02 00:22:55.806090+00:00 [info] <0.248.0> Running boot step rabbit_queue_location_client_local defined by app rabbit
2024-04-02 00:22:55.806122+00:00 [info] <0.248.0> Running boot step rabbit_queue_location_min_masters defined by app rabbit
2024-04-02 00:22:55.806153+00:00 [info] <0.248.0> Running boot step rabbit_queue_location_random defined by app rabbit
2024-04-02 00:22:55.806170+00:00 [info] <0.248.0> Running boot step kernel_ready defined by app rabbit
2024-04-02 00:22:55.806178+00:00 [info] <0.248.0> Running boot step rabbit_sysmon_minder defined by app rabbit
2024-04-02 00:22:55.806251+00:00 [info] <0.248.0> Running boot step rabbit_epmd_monitor defined by app rabbit
2024-04-02 00:22:55.806886+00:00 [info] <0.587.0> epmd monitor knows us, inter-node communication (distribution) port: 25672
2024-04-02 00:22:55.806965+00:00 [info] <0.248.0> Running boot step guid_generator defined by app rabbit
2024-04-02 00:22:55.815425+00:00 [info] <0.248.0> Running boot step rabbit_node_monitor defined by app rabbit
2024-04-02 00:22:55.815728+00:00 [info] <0.591.0> Starting rabbit_node_monitor (in ignore mode)
2024-04-02 00:22:55.815820+00:00 [info] <0.248.0> Running boot step delegate_sup defined by app rabbit
2024-04-02 00:22:55.816122+00:00 [info] <0.248.0> Running boot step rabbit_memory_monitor defined by app rabbit
2024-04-02 00:22:55.816332+00:00 [info] <0.248.0> Running boot step rabbit_fifo_dlx_sup defined by app rabbit
2024-04-02 00:22:55.816383+00:00 [info] <0.248.0> Running boot step core_initialized defined by app rabbit
2024-04-02 00:22:55.816405+00:00 [info] <0.248.0> Running boot step rabbit_channel_tracking_handler defined by app rabbit
2024-04-02 00:22:55.816473+00:00 [info] <0.248.0> Running boot step rabbit_connection_tracking_handler defined by app rabbit
2024-04-02 00:22:55.816505+00:00 [info] <0.248.0> Running boot step rabbit_definitions_hashing defined by app rabbit
2024-04-02 00:22:55.816553+00:00 [info] <0.248.0> Running boot step rabbit_exchange_parameters defined by app rabbit
2024-04-02 00:22:55.840453+00:00 [info] <0.248.0> Running boot step rabbit_mirror_queue_misc defined by app rabbit
2024-04-02 00:22:55.840853+00:00 [info] <0.248.0> Running boot step rabbit_policies defined by app rabbit
2024-04-02 00:22:55.841069+00:00 [info] <0.248.0> Running boot step rabbit_policy defined by app rabbit
2024-04-02 00:22:55.841138+00:00 [info] <0.248.0> Running boot step rabbit_queue_location_validator defined by app rabbit
2024-04-02 00:22:55.841191+00:00 [info] <0.248.0> Running boot step rabbit_quorum_memory_manager defined by app rabbit
2024-04-02 00:22:55.841250+00:00 [info] <0.248.0> Running boot step rabbit_quorum_queue defined by app rabbit
2024-04-02 00:22:55.841406+00:00 [info] <0.248.0> Running boot step rabbit_stream_coordinator defined by app rabbit
2024-04-02 00:22:55.841742+00:00 [info] <0.248.0> Running boot step rabbit_vhost_limit defined by app rabbit
2024-04-02 00:22:55.841805+00:00 [info] <0.248.0> Running boot step rabbit_mgmt_reset_handler defined by app rabbitmq_management
2024-04-02 00:22:55.841880+00:00 [info] <0.248.0> Running boot step rabbit_mgmt_db_handler defined by app rabbitmq_management_agent
2024-04-02 00:22:55.841935+00:00 [info] <0.248.0> Management plugin: using rates mode 'basic'
2024-04-02 00:22:55.842345+00:00 [info] <0.248.0> Running boot step recovery defined by app rabbit
2024-04-02 00:22:55.852197+00:00 [info] <0.248.0> Running boot step empty_db_check defined by app rabbit
2024-04-02 00:22:55.852279+00:00 [info] <0.248.0> Will seed default virtual host and user...
2024-04-02 00:22:55.852370+00:00 [info] <0.248.0> Adding vhost '/' (description: 'Default virtual host', tags: [])
2024-04-02 00:22:55.855539+00:00 [info] <0.248.0> Inserted a virtual host record {vhost,<<"/">>,[],
2024-04-02 00:22:55.855539+00:00 [info] <0.248.0>                                       #{description =>
2024-04-02 00:22:55.855539+00:00 [info] <0.248.0>                                             <<"Default virtual host">>,
2024-04-02 00:22:55.855539+00:00 [info] <0.248.0>                                         tags => []}}
2024-04-02 00:22:55.877505+00:00 [info] <0.638.0> Making sure data directory '/var/lib/rabbitmq/mnesia/rabbit@bd1c150f4f86/msg_stores/vhosts/628WB79CIFDYO9LJI6DKMI09L' for vhost '/' exists
2024-04-02 00:22:55.885907+00:00 [info] <0.638.0> Setting segment_entry_count for vhost '/' with 0 queues to '2048'
2024-04-02 00:22:55.908454+00:00 [info] <0.638.0> Starting message stores for vhost '/'
2024-04-02 00:22:55.913452+00:00 [info] <0.648.0> Message store "628WB79CIFDYO9LJI6DKMI09L/msg_store_transient": using rabbit_msg_store_ets_index to provide index
2024-04-02 00:22:55.920445+00:00 [info] <0.638.0> Started message store of type transient for vhost '/'
2024-04-02 00:22:55.920631+00:00 [info] <0.652.0> Message store "628WB79CIFDYO9LJI6DKMI09L/msg_store_persistent": using rabbit_msg_store_ets_index to provide index
2024-04-02 00:22:55.922331+00:00 [warning] <0.652.0> Message store "628WB79CIFDYO9LJI6DKMI09L/msg_store_persistent": rebuilding indices from scratch
2024-04-02 00:22:55.926686+00:00 [info] <0.638.0> Started message store of type persistent for vhost '/'
2024-04-02 00:22:55.926834+00:00 [info] <0.638.0> Recovering 0 queues of type rabbit_classic_queue took 37ms
2024-04-02 00:22:55.926858+00:00 [info] <0.638.0> Recovering 0 queues of type rabbit_quorum_queue took 0ms
2024-04-02 00:22:55.926903+00:00 [info] <0.638.0> Recovering 0 queues of type rabbit_stream_queue took 0ms
2024-04-02 00:22:55.930652+00:00 [info] <0.248.0> Created user 'admin'
2024-04-02 00:22:55.933576+00:00 [info] <0.248.0> Successfully set user tags for user 'admin' to [administrator]
2024-04-02 00:22:55.936550+00:00 [info] <0.248.0> Successfully set permissions for user 'admin' in virtual host '/' to '.*', '.*', '.*'
2024-04-02 00:22:55.936647+00:00 [info] <0.248.0> Running boot step rabbit_observer_cli defined by app rabbit
2024-04-02 00:22:55.936731+00:00 [info] <0.248.0> Running boot step rabbit_looking_glass defined by app rabbit
2024-04-02 00:22:55.936751+00:00 [info] <0.248.0> Running boot step rabbit_core_metrics_gc defined by app rabbit
2024-04-02 00:22:55.936894+00:00 [info] <0.248.0> Running boot step background_gc defined by app rabbit
2024-04-02 00:22:55.937027+00:00 [info] <0.248.0> Running boot step routing_ready defined by app rabbit
2024-04-02 00:22:55.937046+00:00 [info] <0.248.0> Running boot step pre_flight defined by app rabbit
2024-04-02 00:22:55.937091+00:00 [info] <0.248.0> Running boot step notify_cluster defined by app rabbit
2024-04-02 00:22:55.937148+00:00 [info] <0.248.0> Running boot step networking defined by app rabbit
2024-04-02 00:22:55.937167+00:00 [info] <0.248.0> Running boot step rabbit_quorum_queue_periodic_membership_reconciliation defined by app rabbit
2024-04-02 00:22:55.937250+00:00 [info] <0.248.0> Running boot step definition_import_worker_pool defined by app rabbit
2024-04-02 00:22:55.937281+00:00 [info] <0.308.0> Starting worker pool 'definition_import_pool' with 24 processes in it
2024-04-02 00:22:55.937810+00:00 [info] <0.248.0> Running boot step cluster_name defined by app rabbit
2024-04-02 00:22:55.937901+00:00 [info] <0.248.0> Initialising internal cluster ID to 'rabbitmq-cluster-id-i1KNZE9MZQ__iYgU8dO8mQ'
2024-04-02 00:22:55.940866+00:00 [info] <0.248.0> Running boot step direct_client defined by app rabbit
2024-04-02 00:22:55.941137+00:00 [info] <0.248.0> Running boot step rabbit_management_load_definitions defined by app rabbitmq_management
2024-04-02 00:22:55.941264+00:00 [info] <0.709.0> Resetting node maintenance status
2024-04-02 00:22:55.951178+00:00 [warning] <0.732.0> Deprecated features: `management_metrics_collection`: Feature `management_metrics_collection` is deprecated.
2024-04-02 00:22:55.951178+00:00 [warning] <0.732.0> By default, this feature can still be used for now.
2024-04-02 00:22:55.951178+00:00 [warning] <0.732.0> Its use will not be permitted by default in a future minor RabbitMQ version and the feature will be removed from a future major RabbitMQ version; actual versions to be determined.
2024-04-02 00:22:55.951178+00:00 [warning] <0.732.0> To continue using this feature when it is not permitted by default, set the following parameter in your configuration:
2024-04-02 00:22:55.951178+00:00 [warning] <0.732.0>     "deprecated_features.permit.management_metrics_collection = true"
2024-04-02 00:22:55.951178+00:00 [warning] <0.732.0> To test RabbitMQ as if the feature was removed, set this in your configuration:
2024-04-02 00:22:55.951178+00:00 [warning] <0.732.0>     "deprecated_features.permit.management_metrics_collection = false"
2024-04-02 00:22:58.099543+00:00 [info] <0.769.0> Management plugin: HTTP (non-TLS) listener started on port 15672
2024-04-02 00:22:58.099806+00:00 [info] <0.800.0> Statistics database started.
2024-04-02 00:22:58.099866+00:00 [info] <0.799.0> Starting worker pool 'management_worker_pool' with 3 processes in it
2024-04-02 00:22:58.100327+00:00 [info] <0.809.0> rabbit_stomp: default user 'guest' enabled
2024-04-02 00:22:58.100841+00:00 [info] <0.828.0> started STOMP TCP listener on [::]:61613
2024-04-02 00:22:58.101682+00:00 [info] <0.835.0> Starting MQTT retained message store rabbit_mqtt_retained_msg_store_dets for vhost '/'
2024-04-02 00:22:58.102106+00:00 [info] <0.835.0> Recovered MQTT retained message store rabbit_mqtt_retained_msg_store_dets for vhost '/'
2024-04-02 00:22:58.102454+00:00 [info] <0.855.0> started MQTT TCP listener on [::]:1883
2024-04-02 00:22:58.102830+00:00 [info] <0.709.0> Ready to start client connection listeners
2024-04-02 00:22:58.103804+00:00 [info] <0.873.0> started TCP listener on [::]:5672
2024-04-02 00:22:58.163952+00:00 [info] <0.709.0> Server startup complete; 5 plugins started.
2024-04-02 00:22:58.163952+00:00 [info] <0.709.0>  * rabbitmq_mqtt
2024-04-02 00:22:58.163952+00:00 [info] <0.709.0>  * rabbitmq_stomp
2024-04-02 00:22:58.163952+00:00 [info] <0.709.0>  * rabbitmq_management
2024-04-02 00:22:58.163952+00:00 [info] <0.709.0>  * rabbitmq_management_agent
2024-04-02 00:22:58.163952+00:00 [info] <0.709.0>  * rabbitmq_web_dispatch
2024-04-02 00:22:58.173265+00:00 [info] <0.9.0> Time to start RabbitMQ: 6536801 us
2024-04-02 00:24:12.043905+00:00 [notice] <0.248.0> Logging: configured log handlers are now ACTIVE
2024-04-02 00:24:12.057534+00:00 [info] <0.248.0> ra: starting system quorum_queues
2024-04-02 00:24:12.057632+00:00 [info] <0.248.0> starting Ra system: quorum_queues in directory: /var/lib/rabbitmq/mnesia/rabbit@bd1c150f4f86/quorum/rabbit@bd1c150f4f86
2024-04-02 00:24:12.143224+00:00 [info] <0.263.0> ra system 'quorum_queues' running pre init for 0 registered servers
2024-04-02 00:24:12.158034+00:00 [info] <0.264.0> ra: meta data store initialised for system quorum_queues. 0 record(s) recovered
2024-04-02 00:24:12.175616+00:00 [notice] <0.269.0> WAL: ra_log_wal init, open tbls: ra_log_open_mem_tables, closed tbls: ra_log_closed_mem_tables
2024-04-02 00:24:12.196508+00:00 [info] <0.248.0> ra: starting system coordination
2024-04-02 00:24:12.196572+00:00 [info] <0.248.0> starting Ra system: coordination in directory: /var/lib/rabbitmq/mnesia/rabbit@bd1c150f4f86/coordination/rabbit@bd1c150f4f86
2024-04-02 00:24:12.212124+00:00 [info] <0.276.0> ra system 'coordination' running pre init for 1 registered servers
2024-04-02 00:24:12.224130+00:00 [info] <0.277.0> ra: meta data store initialised for system coordination. 1 record(s) recovered
2024-04-02 00:24:12.224325+00:00 [notice] <0.282.0> WAL: ra_coordination_log_wal init, open tbls: ra_coordination_log_open_mem_tables, closed tbls: ra_coordination_log_closed_mem_tables
2024-04-02 00:24:12.238926+00:00 [info] <0.248.0> ra: starting system coordination
2024-04-02 00:24:12.238991+00:00 [info] <0.248.0> starting Ra system: coordination in directory: /var/lib/rabbitmq/mnesia/rabbit@bd1c150f4f86/coordination/rabbit@bd1c150f4f86
2024-04-02 00:24:12.342131+00:00 [info] <0.248.0> Waiting for Khepri leader for 30000 ms, 9 retries left
2024-04-02 00:24:12.369119+00:00 [info] <0.248.0> Khepri leader elected
2024-04-02 00:24:12.600730+00:00 [notice] <0.286.0> RabbitMQ metadata store: candidate -> leader in term: 2 machine version: 0
2024-04-02 00:24:13.054081+00:00 [info] <0.248.0> 
2024-04-02 00:24:13.054081+00:00 [info] <0.248.0>  Starting RabbitMQ 3.13.0 on Erlang 26.2.2 [jit]
2024-04-02 00:24:13.054081+00:00 [info] <0.248.0>  Copyright (c) 2007-2024 Broadcom Inc and/or its subsidiaries
2024-04-02 00:24:13.054081+00:00 [info] <0.248.0>  Licensed under the MPL 2.0. Website: https://rabbitmq.com
2024-04-02 00:24:13.061869+00:00 [info] <0.248.0> 
2024-04-02 00:24:13.061869+00:00 [info] <0.248.0>  node           : rabbit@bd1c150f4f86
2024-04-02 00:24:13.061869+00:00 [info] <0.248.0>  home dir       : /var/lib/rabbitmq
2024-04-02 00:24:13.061869+00:00 [info] <0.248.0>  config file(s) : /etc/rabbitmq/rabbitmq.conf
2024-04-02 00:24:13.061869+00:00 [info] <0.248.0>  cookie hash    : HcZJtB3objtEokoV8B/w6Q==
2024-04-02 00:24:13.061869+00:00 [info] <0.248.0>  log(s)         : /var/log/rabbitmq/rabbit@bd1c150f4f86.log
2024-04-02 00:24:13.061869+00:00 [info] <0.248.0>                 : <stdout>
2024-04-02 00:24:13.061869+00:00 [info] <0.248.0>  data dir       : /var/lib/rabbitmq/mnesia/rabbit@bd1c150f4f86
2024-04-02 00:24:13.543534+00:00 [info] <0.248.0> Running boot step pre_boot defined by app rabbit
2024-04-02 00:24:13.543614+00:00 [info] <0.248.0> Running boot step rabbit_global_counters defined by app rabbit
2024-04-02 00:24:13.544128+00:00 [info] <0.248.0> Running boot step rabbit_osiris_metrics defined by app rabbit
2024-04-02 00:24:13.544339+00:00 [info] <0.248.0> Running boot step rabbit_core_metrics defined by app rabbit
2024-04-02 00:24:13.545428+00:00 [info] <0.248.0> Running boot step rabbit_alarm defined by app rabbit
2024-04-02 00:24:13.554849+00:00 [info] <0.409.0> Memory high watermark set to 6355 MiB (6664552448 bytes) of 15889 MiB (16661381120 bytes) total
2024-04-02 00:24:13.558078+00:00 [info] <0.411.0> Enabling free disk space monitoring (disk free space: 634817998848, total memory: 16661381120)
2024-04-02 00:24:13.558140+00:00 [info] <0.411.0> Disk free limit set to 50MB
2024-04-02 00:24:13.560441+00:00 [info] <0.248.0> Running boot step code_server_cache defined by app rabbit
2024-04-02 00:24:13.560561+00:00 [info] <0.248.0> Running boot step file_handle_cache defined by app rabbit
2024-04-02 00:24:13.567187+00:00 [info] <0.414.0> Limiting to approx 1048479 file handles (943629 sockets)
2024-04-02 00:24:13.567384+00:00 [info] <0.415.0> FHC read buffering: OFF
2024-04-02 00:24:13.567409+00:00 [info] <0.415.0> FHC write buffering: ON
2024-04-02 00:24:13.567740+00:00 [info] <0.248.0> Running boot step worker_pool defined by app rabbit
2024-04-02 00:24:13.567822+00:00 [info] <0.340.0> Will use 24 processes for default worker pool
2024-04-02 00:24:13.567840+00:00 [info] <0.340.0> Starting worker pool 'worker_pool' with 24 processes in it
2024-04-02 00:24:13.568350+00:00 [info] <0.248.0> Running boot step database defined by app rabbit
2024-04-02 00:24:13.569529+00:00 [info] <0.248.0> Peer discovery: configured backend: rabbit_peer_discovery_classic_config
2024-04-02 00:24:13.577586+00:00 [info] <0.248.0> Waiting for Mnesia tables for 30000 ms, 9 retries left
2024-04-02 00:24:13.584328+00:00 [info] <0.248.0> Successfully synced tables from a peer
2024-04-02 00:24:13.609337+00:00 [info] <0.248.0> Waiting for Mnesia tables for 30000 ms, 9 retries left
2024-04-02 00:24:13.609495+00:00 [info] <0.248.0> Successfully synced tables from a peer
2024-04-02 00:24:13.609654+00:00 [info] <0.248.0> Running boot step tracking_metadata_store defined by app rabbit
2024-04-02 00:24:13.609706+00:00 [info] <0.449.0> Setting up a table for connection tracking on this node: tracked_connection
2024-04-02 00:24:13.609744+00:00 [info] <0.449.0> Setting up a table for per-vhost connection counting on this node: tracked_connection_per_vhost
2024-04-02 00:24:13.609805+00:00 [info] <0.449.0> Setting up a table for per-user connection counting on this node: tracked_connection_per_user
2024-04-02 00:24:13.609843+00:00 [info] <0.449.0> Setting up a table for channel tracking on this node: tracked_channel
2024-04-02 00:24:13.609915+00:00 [info] <0.449.0> Setting up a table for channel tracking on this node: tracked_channel_per_user
2024-04-02 00:24:13.610001+00:00 [info] <0.248.0> Running boot step networking_metadata_store defined by app rabbit
2024-04-02 00:24:13.610090+00:00 [info] <0.248.0> Running boot step feature_flags defined by app rabbit
2024-04-02 00:24:13.611104+00:00 [info] <0.248.0> Running boot step codec_correctness_check defined by app rabbit
2024-04-02 00:24:13.611143+00:00 [info] <0.248.0> Running boot step external_infrastructure defined by app rabbit
2024-04-02 00:24:13.611184+00:00 [info] <0.248.0> Running boot step rabbit_event defined by app rabbit
2024-04-02 00:24:13.611266+00:00 [info] <0.248.0> Running boot step rabbit_registry defined by app rabbit
2024-04-02 00:24:13.611313+00:00 [info] <0.248.0> Running boot step rabbit_auth_mechanism_amqplain defined by app rabbit
2024-04-02 00:24:13.611362+00:00 [info] <0.248.0> Running boot step rabbit_auth_mechanism_cr_demo defined by app rabbit
2024-04-02 00:24:13.611400+00:00 [info] <0.248.0> Running boot step rabbit_auth_mechanism_plain defined by app rabbit
2024-04-02 00:24:13.611432+00:00 [info] <0.248.0> Running boot step rabbit_exchange_type_direct defined by app rabbit
2024-04-02 00:24:13.611467+00:00 [info] <0.248.0> Running boot step rabbit_exchange_type_fanout defined by app rabbit
2024-04-02 00:24:13.611497+00:00 [info] <0.248.0> Running boot step rabbit_exchange_type_headers defined by app rabbit
2024-04-02 00:24:13.611560+00:00 [info] <0.248.0> Running boot step rabbit_exchange_type_topic defined by app rabbit
2024-04-02 00:24:13.611614+00:00 [info] <0.248.0> Running boot step rabbit_mirror_queue_mode_all defined by app rabbit
2024-04-02 00:24:13.611854+00:00 [info] <0.248.0> Running boot step rabbit_mirror_queue_mode_exactly defined by app rabbit
2024-04-02 00:24:13.611890+00:00 [info] <0.248.0> Running boot step rabbit_mirror_queue_mode_nodes defined by app rabbit
2024-04-02 00:24:13.611913+00:00 [info] <0.248.0> Running boot step rabbit_priority_queue defined by app rabbit
2024-04-02 00:24:13.611978+00:00 [info] <0.248.0> Priority queues enabled, real BQ is rabbit_variable_queue
2024-04-02 00:24:13.612059+00:00 [info] <0.248.0> Running boot step rabbit_queue_location_client_local defined by app rabbit
2024-04-02 00:24:13.612137+00:00 [info] <0.248.0> Running boot step rabbit_queue_location_min_masters defined by app rabbit
2024-04-02 00:24:13.612211+00:00 [info] <0.248.0> Running boot step rabbit_queue_location_random defined by app rabbit
2024-04-02 00:24:13.612278+00:00 [info] <0.248.0> Running boot step kernel_ready defined by app rabbit
2024-04-02 00:24:13.612313+00:00 [info] <0.248.0> Running boot step rabbit_sysmon_minder defined by app rabbit
2024-04-02 00:24:13.612473+00:00 [info] <0.248.0> Running boot step rabbit_epmd_monitor defined by app rabbit
2024-04-02 00:24:13.613156+00:00 [info] <0.457.0> epmd monitor knows us, inter-node communication (distribution) port: 25672
2024-04-02 00:24:13.613230+00:00 [info] <0.248.0> Running boot step guid_generator defined by app rabbit
2024-04-02 00:24:13.623864+00:00 [info] <0.248.0> Running boot step rabbit_node_monitor defined by app rabbit
2024-04-02 00:24:13.624162+00:00 [info] <0.461.0> Starting rabbit_node_monitor (in ignore mode)
2024-04-02 00:24:13.624296+00:00 [info] <0.248.0> Running boot step delegate_sup defined by app rabbit
2024-04-02 00:24:13.624831+00:00 [info] <0.248.0> Running boot step rabbit_memory_monitor defined by app rabbit
2024-04-02 00:24:13.625066+00:00 [info] <0.248.0> Running boot step rabbit_fifo_dlx_sup defined by app rabbit
2024-04-02 00:24:13.625237+00:00 [info] <0.248.0> Running boot step core_initialized defined by app rabbit
2024-04-02 00:24:13.625262+00:00 [info] <0.248.0> Running boot step rabbit_channel_tracking_handler defined by app rabbit
2024-04-02 00:24:13.625349+00:00 [info] <0.248.0> Running boot step rabbit_connection_tracking_handler defined by app rabbit
2024-04-02 00:24:13.625387+00:00 [info] <0.248.0> Running boot step rabbit_definitions_hashing defined by app rabbit
2024-04-02 00:24:13.625456+00:00 [info] <0.248.0> Running boot step rabbit_exchange_parameters defined by app rabbit
2024-04-02 00:24:13.636391+00:00 [info] <0.248.0> Running boot step rabbit_mirror_queue_misc defined by app rabbit
2024-04-02 00:24:13.636783+00:00 [info] <0.248.0> Running boot step rabbit_policies defined by app rabbit
2024-04-02 00:24:13.636935+00:00 [info] <0.248.0> Running boot step rabbit_policy defined by app rabbit
2024-04-02 00:24:13.636984+00:00 [info] <0.248.0> Running boot step rabbit_queue_location_validator defined by app rabbit
2024-04-02 00:24:13.637007+00:00 [info] <0.248.0> Running boot step rabbit_quorum_memory_manager defined by app rabbit
2024-04-02 00:24:13.637038+00:00 [info] <0.248.0> Running boot step rabbit_quorum_queue defined by app rabbit
2024-04-02 00:24:13.637072+00:00 [info] <0.248.0> Running boot step rabbit_stream_coordinator defined by app rabbit
2024-04-02 00:24:13.637334+00:00 [info] <0.248.0> Running boot step rabbit_vhost_limit defined by app rabbit
2024-04-02 00:24:13.637368+00:00 [info] <0.248.0> Running boot step rabbit_mgmt_reset_handler defined by app rabbitmq_management
2024-04-02 00:24:13.637389+00:00 [info] <0.248.0> Running boot step rabbit_mgmt_db_handler defined by app rabbitmq_management_agent
2024-04-02 00:24:13.637408+00:00 [info] <0.248.0> Management plugin: using rates mode 'basic'
2024-04-02 00:24:13.637773+00:00 [info] <0.248.0> Running boot step recovery defined by app rabbit
2024-04-02 00:24:13.647614+00:00 [info] <0.498.0> Making sure data directory '/var/lib/rabbitmq/mnesia/rabbit@bd1c150f4f86/msg_stores/vhosts/628WB79CIFDYO9LJI6DKMI09L' for vhost '/' exists
2024-04-02 00:24:13.683181+00:00 [info] <0.498.0> Starting message stores for vhost '/'
2024-04-02 00:24:13.688663+00:00 [info] <0.508.0> Message store "628WB79CIFDYO9LJI6DKMI09L/msg_store_transient": using rabbit_msg_store_ets_index to provide index
2024-04-02 00:24:13.702419+00:00 [info] <0.498.0> Started message store of type transient for vhost '/'
2024-04-02 00:24:13.702613+00:00 [info] <0.512.0> Message store "628WB79CIFDYO9LJI6DKMI09L/msg_store_persistent": using rabbit_msg_store_ets_index to provide index
2024-04-02 00:24:13.704233+00:00 [warning] <0.512.0> Message store "628WB79CIFDYO9LJI6DKMI09L/msg_store_persistent": rebuilding indices from scratch
2024-04-02 00:24:13.710424+00:00 [info] <0.498.0> Started message store of type persistent for vhost '/'
2024-04-02 00:24:13.710565+00:00 [info] <0.498.0> Recovering 0 queues of type rabbit_classic_queue took 53ms
2024-04-02 00:24:13.710602+00:00 [info] <0.498.0> Recovering 0 queues of type rabbit_quorum_queue took 0ms
2024-04-02 00:24:13.710635+00:00 [info] <0.498.0> Recovering 0 queues of type rabbit_stream_queue took 0ms
2024-04-02 00:24:13.711504+00:00 [info] <0.248.0> Running boot step empty_db_check defined by app rabbit
2024-04-02 00:24:13.711556+00:00 [info] <0.248.0> Will not seed default virtual host and user: have definitions to load...
2024-04-02 00:24:13.711572+00:00 [info] <0.248.0> Running boot step rabbit_observer_cli defined by app rabbit
2024-04-02 00:24:13.711617+00:00 [info] <0.248.0> Running boot step rabbit_looking_glass defined by app rabbit
2024-04-02 00:24:13.711631+00:00 [info] <0.248.0> Running boot step rabbit_core_metrics_gc defined by app rabbit
2024-04-02 00:24:13.711805+00:00 [info] <0.248.0> Running boot step background_gc defined by app rabbit
2024-04-02 00:24:13.711921+00:00 [info] <0.248.0> Running boot step routing_ready defined by app rabbit
2024-04-02 00:24:13.711957+00:00 [info] <0.248.0> Running boot step pre_flight defined by app rabbit
2024-04-02 00:24:13.711977+00:00 [info] <0.248.0> Running boot step notify_cluster defined by app rabbit
2024-04-02 00:24:13.712021+00:00 [info] <0.248.0> Running boot step networking defined by app rabbit
2024-04-02 00:24:13.712046+00:00 [info] <0.248.0> Running boot step rabbit_quorum_queue_periodic_membership_reconciliation defined by app rabbit
2024-04-02 00:24:13.712134+00:00 [info] <0.248.0> Running boot step definition_import_worker_pool defined by app rabbit
2024-04-02 00:24:13.712164+00:00 [info] <0.340.0> Starting worker pool 'definition_import_pool' with 24 processes in it
2024-04-02 00:24:13.712943+00:00 [info] <0.248.0> Running boot step cluster_name defined by app rabbit
2024-04-02 00:24:13.712979+00:00 [info] <0.248.0> Running boot step direct_client defined by app rabbit
2024-04-02 00:24:13.713020+00:00 [info] <0.248.0> Running boot step rabbit_management_load_definitions defined by app rabbitmq_management
2024-04-02 00:24:13.713112+00:00 [info] <0.571.0> Resetting node maintenance status
2024-04-02 00:24:13.722936+00:00 [warning] <0.594.0> Deprecated features: `management_metrics_collection`: Feature `management_metrics_collection` is deprecated.
2024-04-02 00:24:13.722936+00:00 [warning] <0.594.0> By default, this feature can still be used for now.
2024-04-02 00:24:13.722936+00:00 [warning] <0.594.0> Its use will not be permitted by default in a future minor RabbitMQ version and the feature will be removed from a future major RabbitMQ version; actual versions to be determined.
2024-04-02 00:24:13.722936+00:00 [warning] <0.594.0> To continue using this feature when it is not permitted by default, set the following parameter in your configuration:
2024-04-02 00:24:13.722936+00:00 [warning] <0.594.0>     "deprecated_features.permit.management_metrics_collection = true"
2024-04-02 00:24:13.722936+00:00 [warning] <0.594.0> To test RabbitMQ as if the feature was removed, set this in your configuration:
2024-04-02 00:24:13.722936+00:00 [warning] <0.594.0>     "deprecated_features.permit.management_metrics_collection = false"
2024-04-02 00:24:16.251346+00:00 [info] <0.631.0> Management plugin: HTTP (non-TLS) listener started on port 15672
2024-04-02 00:24:16.251542+00:00 [info] <0.662.0> Statistics database started.
2024-04-02 00:24:16.251607+00:00 [info] <0.661.0> Starting worker pool 'management_worker_pool' with 3 processes in it
2024-04-02 00:24:16.252046+00:00 [info] <0.671.0> rabbit_stomp: default user 'guest' enabled
2024-04-02 00:24:16.252522+00:00 [info] <0.690.0> started STOMP TCP listener on [::]:61613
2024-04-02 00:24:16.253302+00:00 [info] <0.697.0> Starting MQTT retained message store rabbit_mqtt_retained_msg_store_dets for vhost '/'
2024-04-02 00:24:16.256114+00:00 [info] <0.697.0> Recovered MQTT retained message store rabbit_mqtt_retained_msg_store_dets for vhost '/'
2024-04-02 00:24:16.256560+00:00 [info] <0.717.0> started MQTT TCP listener on [::]:1883
2024-04-02 00:24:16.256935+00:00 [info] <0.571.0> Ready to start client connection listeners
2024-04-02 00:24:16.258170+00:00 [info] <0.735.0> started TCP listener on [::]:5672
2024-04-02 00:24:16.325200+00:00 [info] <0.571.0> Server startup complete; 5 plugins started.
2024-04-02 00:24:16.325200+00:00 [info] <0.571.0>  * rabbitmq_mqtt
2024-04-02 00:24:16.325200+00:00 [info] <0.571.0>  * rabbitmq_stomp
2024-04-02 00:24:16.325200+00:00 [info] <0.571.0>  * rabbitmq_management
2024-04-02 00:24:16.325200+00:00 [info] <0.571.0>  * rabbitmq_management_agent
2024-04-02 00:24:16.325200+00:00 [info] <0.571.0>  * rabbitmq_web_dispatch
2024-04-02 00:24:16.325824+00:00 [info] <0.9.0> Time to start RabbitMQ: 6567843 us
2024-04-02 00:24:17.630346+00:00 [info] <0.740.0> accepting STOMP connection <0.740.0> (172.20.0.1:34464 -> 172.20.0.3:61613)
2024-04-02 00:24:17.656367+00:00 [warning] <0.740.0> AMQP 0-9-1 client call timeout was 70000 ms, is updated to a safe effective value of 130000 ms
2024-04-02 00:25:18.716527+00:00 [info] <0.740.0> closing STOMP connection <0.740.0> (172.20.0.1:34464 -> 172.20.0.3:61613)
2024-04-02 00:25:18.722842+00:00 [info] <0.766.0> accepting STOMP connection <0.766.0> (172.20.0.1:59936 -> 172.20.0.3:61613)
2024-04-02 00:25:18.727475+00:00 [info] <0.766.0> closing STOMP connection <0.766.0> (172.20.0.1:59936 -> 172.20.0.3:61613)
