2024-04-02 00:11:28.646959+00:00 [notice] <0.248.0> Logging: configured log handlers are now ACTIVE
2024-04-02 00:11:28.654946+00:00 [info] <0.248.0> ra: starting system quorum_queues
2024-04-02 00:11:28.655069+00:00 [info] <0.248.0> starting Ra system: quorum_queues in directory: /var/lib/rabbitmq/mnesia/rabbit@a23ada6e15dd/quorum/rabbit@a23ada6e15dd
2024-04-02 00:11:28.725876+00:00 [info] <0.263.0> ra system 'quorum_queues' running pre init for 0 registered servers
2024-04-02 00:11:28.739867+00:00 [info] <0.264.0> ra: meta data store initialised for system quorum_queues. 0 record(s) recovered
2024-04-02 00:11:28.752928+00:00 [notice] <0.269.0> WAL: ra_log_wal init, open tbls: ra_log_open_mem_tables, closed tbls: ra_log_closed_mem_tables
2024-04-02 00:11:28.768902+00:00 [info] <0.248.0> ra: starting system coordination
2024-04-02 00:11:28.768963+00:00 [info] <0.248.0> starting Ra system: coordination in directory: /var/lib/rabbitmq/mnesia/rabbit@a23ada6e15dd/coordination/rabbit@a23ada6e15dd
2024-04-02 00:11:28.776761+00:00 [info] <0.276.0> ra system 'coordination' running pre init for 0 registered servers
2024-04-02 00:11:28.779904+00:00 [info] <0.277.0> ra: meta data store initialised for system coordination. 0 record(s) recovered
2024-04-02 00:11:28.780070+00:00 [notice] <0.282.0> WAL: ra_coordination_log_wal init, open tbls: ra_coordination_log_open_mem_tables, closed tbls: ra_coordination_log_closed_mem_tables
2024-04-02 00:11:28.790760+00:00 [info] <0.248.0> ra: starting system coordination
2024-04-02 00:11:28.790829+00:00 [info] <0.248.0> starting Ra system: coordination in directory: /var/lib/rabbitmq/mnesia/rabbit@a23ada6e15dd/coordination/rabbit@a23ada6e15dd
2024-04-02 00:11:28.901753+00:00 [info] <0.248.0> Waiting for Khepri leader for 30000 ms, 9 retries left
2024-04-02 00:11:28.913341+00:00 [notice] <0.285.0> RabbitMQ metadata store: candidate -> leader in term: 1 machine version: 0
2024-04-02 00:11:28.918470+00:00 [info] <0.248.0> Khepri leader elected
2024-04-02 00:11:29.234886+00:00 [info] <0.248.0> 
2024-04-02 00:11:29.234886+00:00 [info] <0.248.0>  Starting RabbitMQ 3.13.0 on Erlang 26.2.2 [jit]
2024-04-02 00:11:29.234886+00:00 [info] <0.248.0>  Copyright (c) 2007-2024 Broadcom Inc and/or its subsidiaries
2024-04-02 00:11:29.234886+00:00 [info] <0.248.0>  Licensed under the MPL 2.0. Website: https://rabbitmq.com
2024-04-02 00:11:29.238599+00:00 [info] <0.248.0> 
2024-04-02 00:11:29.238599+00:00 [info] <0.248.0>  node           : rabbit@a23ada6e15dd
2024-04-02 00:11:29.238599+00:00 [info] <0.248.0>  home dir       : /var/lib/rabbitmq
2024-04-02 00:11:29.238599+00:00 [info] <0.248.0>  config file(s) : /etc/rabbitmq/rabbitmq.conf
2024-04-02 00:11:29.238599+00:00 [info] <0.248.0>  cookie hash    : HcZJtB3objtEokoV8B/w6Q==
2024-04-02 00:11:29.238599+00:00 [info] <0.248.0>  log(s)         : /var/log/rabbitmq/rabbit@a23ada6e15dd.log
2024-04-02 00:11:29.238599+00:00 [info] <0.248.0>                 : <stdout>
2024-04-02 00:11:29.238599+00:00 [info] <0.248.0>  data dir       : /var/lib/rabbitmq/mnesia/rabbit@a23ada6e15dd
2024-04-02 00:11:29.717280+00:00 [info] <0.248.0> Running boot step pre_boot defined by app rabbit
2024-04-02 00:11:29.717358+00:00 [info] <0.248.0> Running boot step rabbit_global_counters defined by app rabbit
2024-04-02 00:11:29.717527+00:00 [info] <0.248.0> Running boot step rabbit_osiris_metrics defined by app rabbit
2024-04-02 00:11:29.717647+00:00 [info] <0.248.0> Running boot step rabbit_core_metrics defined by app rabbit
2024-04-02 00:11:29.719108+00:00 [info] <0.248.0> Running boot step rabbit_alarm defined by app rabbit
2024-04-02 00:11:29.729768+00:00 [info] <0.322.0> Memory high watermark set to 6355 MiB (6664552448 bytes) of 15889 MiB (16661381120 bytes) total
2024-04-02 00:11:29.732968+00:00 [info] <0.324.0> Enabling free disk space monitoring (disk free space: 635216859136, total memory: 16661381120)
2024-04-02 00:11:29.733026+00:00 [info] <0.324.0> Disk free limit set to 50MB
2024-04-02 00:11:29.735213+00:00 [info] <0.248.0> Running boot step code_server_cache defined by app rabbit
2024-04-02 00:11:29.735317+00:00 [info] <0.248.0> Running boot step file_handle_cache defined by app rabbit
2024-04-02 00:11:29.740594+00:00 [info] <0.327.0> Limiting to approx 1048479 file handles (943629 sockets)
2024-04-02 00:11:29.740709+00:00 [info] <0.328.0> FHC read buffering: OFF
2024-04-02 00:11:29.740761+00:00 [info] <0.328.0> FHC write buffering: ON
2024-04-02 00:11:29.741326+00:00 [info] <0.248.0> Running boot step worker_pool defined by app rabbit
2024-04-02 00:11:29.741384+00:00 [info] <0.308.0> Will use 24 processes for default worker pool
2024-04-02 00:11:29.741404+00:00 [info] <0.308.0> Starting worker pool 'worker_pool' with 24 processes in it
2024-04-02 00:11:29.742125+00:00 [info] <0.248.0> Running boot step database defined by app rabbit
2024-04-02 00:11:29.743455+00:00 [info] <0.248.0> Peer discovery: configured backend: rabbit_peer_discovery_classic_config
2024-04-02 00:11:29.747710+00:00 [notice] <0.309.0> Feature flags: attempt to enable `mqtt_v5`...
2024-04-02 00:11:29.771257+00:00 [notice] <0.309.0> Feature flags: attempt to enable `delete_ra_cluster_mqtt_node`...
2024-04-02 00:11:29.802742+00:00 [info] <0.365.0> Trying to acquire lock {mqtt_node,{mqtt_node,rabbit@a23ada6e15dd}} on nodes [rabbit@a23ada6e15dd] ...
2024-04-02 00:11:29.802921+00:00 [info] <0.365.0> Acquired lock {mqtt_node,{mqtt_node,rabbit@a23ada6e15dd}}
2024-04-02 00:11:29.803035+00:00 [info] <0.365.0> Local Ra process mqtt_node does not exist
2024-04-02 00:11:29.803105+00:00 [info] <0.365.0> Released lock {mqtt_node,{mqtt_node,rabbit@a23ada6e15dd}}
2024-04-02 00:11:29.832945+00:00 [notice] <0.309.0> Feature flags: `delete_ra_cluster_mqtt_node` enabled
2024-04-02 00:11:29.833078+00:00 [notice] <0.309.0> Feature flags: attempt to enable `message_containers`...
2024-04-02 00:11:29.890283+00:00 [notice] <0.309.0> Feature flags: `message_containers` enabled
2024-04-02 00:11:29.917709+00:00 [notice] <0.309.0> Feature flags: `mqtt_v5` enabled
2024-04-02 00:11:29.917854+00:00 [notice] <0.309.0> Feature flags: attempt to enable `detailed_queues_endpoint`...
2024-04-02 00:11:29.971753+00:00 [notice] <0.309.0> Feature flags: `detailed_queues_endpoint` enabled
2024-04-02 00:11:29.971901+00:00 [notice] <0.309.0> Feature flags: attempt to enable `stream_update_config_command`...
2024-04-02 00:11:30.024962+00:00 [notice] <0.309.0> Feature flags: `stream_update_config_command` enabled
2024-04-02 00:11:30.025097+00:00 [notice] <0.309.0> Feature flags: attempt to enable `stream_filtering`...
2024-04-02 00:11:30.078905+00:00 [notice] <0.309.0> Feature flags: `stream_filtering` enabled
2024-04-02 00:11:30.078998+00:00 [notice] <0.309.0> Feature flags: attempt to enable `stream_sac_coordinator_unblock_group`...
2024-04-02 00:11:30.132095+00:00 [notice] <0.309.0> Feature flags: `stream_sac_coordinator_unblock_group` enabled
2024-04-02 00:11:30.132207+00:00 [notice] <0.309.0> Feature flags: attempt to enable `restart_streams`...
2024-04-02 00:11:30.182767+00:00 [notice] <0.309.0> Feature flags: `restart_streams` enabled
2024-04-02 00:11:30.182985+00:00 [notice] <0.309.0> Feature flags: attempt to enable `rabbit_mqtt_qos0_queue`...
2024-04-02 00:11:30.235195+00:00 [notice] <0.309.0> Feature flags: `rabbit_mqtt_qos0_queue` enabled
2024-04-02 00:11:30.235558+00:00 [info] <0.248.0> DB: virgin node -> run peer discovery
2024-04-02 00:11:30.245503+00:00 [notice] <0.44.0> Application mnesia exited with reason: stopped
2024-04-02 00:11:30.575562+00:00 [info] <0.248.0> Waiting for Mnesia tables for 30000 ms, 9 retries left
2024-04-02 00:11:30.575720+00:00 [info] <0.248.0> Successfully synced tables from a peer
2024-04-02 00:11:30.575870+00:00 [info] <0.248.0> Waiting for Mnesia tables for 30000 ms, 9 retries left
2024-04-02 00:11:30.575930+00:00 [info] <0.248.0> Successfully synced tables from a peer
2024-04-02 00:11:30.601029+00:00 [info] <0.248.0> Waiting for Mnesia tables for 30000 ms, 9 retries left
2024-04-02 00:11:30.601161+00:00 [info] <0.248.0> Successfully synced tables from a peer
2024-04-02 00:11:30.601255+00:00 [info] <0.248.0> Running boot step tracking_metadata_store defined by app rabbit
2024-04-02 00:11:30.601301+00:00 [info] <0.579.0> Setting up a table for connection tracking on this node: tracked_connection
2024-04-02 00:11:30.601329+00:00 [info] <0.579.0> Setting up a table for per-vhost connection counting on this node: tracked_connection_per_vhost
2024-04-02 00:11:30.601365+00:00 [info] <0.579.0> Setting up a table for per-user connection counting on this node: tracked_connection_per_user
2024-04-02 00:11:30.601394+00:00 [info] <0.579.0> Setting up a table for channel tracking on this node: tracked_channel
2024-04-02 00:11:30.601441+00:00 [info] <0.579.0> Setting up a table for channel tracking on this node: tracked_channel_per_user
2024-04-02 00:11:30.601494+00:00 [info] <0.248.0> Running boot step networking_metadata_store defined by app rabbit
2024-04-02 00:11:30.601528+00:00 [info] <0.248.0> Running boot step feature_flags defined by app rabbit
2024-04-02 00:11:30.602592+00:00 [info] <0.248.0> Running boot step codec_correctness_check defined by app rabbit
2024-04-02 00:11:30.602633+00:00 [info] <0.248.0> Running boot step external_infrastructure defined by app rabbit
2024-04-02 00:11:30.602665+00:00 [info] <0.248.0> Running boot step rabbit_event defined by app rabbit
2024-04-02 00:11:30.602743+00:00 [info] <0.248.0> Running boot step rabbit_registry defined by app rabbit
2024-04-02 00:11:30.602777+00:00 [info] <0.248.0> Running boot step rabbit_auth_mechanism_amqplain defined by app rabbit
2024-04-02 00:11:30.602832+00:00 [info] <0.248.0> Running boot step rabbit_auth_mechanism_cr_demo defined by app rabbit
2024-04-02 00:11:30.602914+00:00 [info] <0.248.0> Running boot step rabbit_auth_mechanism_plain defined by app rabbit
2024-04-02 00:11:30.602976+00:00 [info] <0.248.0> Running boot step rabbit_exchange_type_direct defined by app rabbit
2024-04-02 00:11:30.603053+00:00 [info] <0.248.0> Running boot step rabbit_exchange_type_fanout defined by app rabbit
2024-04-02 00:11:30.603161+00:00 [info] <0.248.0> Running boot step rabbit_exchange_type_headers defined by app rabbit
2024-04-02 00:11:30.603241+00:00 [info] <0.248.0> Running boot step rabbit_exchange_type_topic defined by app rabbit
2024-04-02 00:11:30.603293+00:00 [info] <0.248.0> Running boot step rabbit_mirror_queue_mode_all defined by app rabbit
2024-04-02 00:11:30.603349+00:00 [info] <0.248.0> Running boot step rabbit_mirror_queue_mode_exactly defined by app rabbit
2024-04-02 00:11:30.603387+00:00 [info] <0.248.0> Running boot step rabbit_mirror_queue_mode_nodes defined by app rabbit
2024-04-02 00:11:30.603403+00:00 [info] <0.248.0> Running boot step rabbit_priority_queue defined by app rabbit
2024-04-02 00:11:30.603414+00:00 [info] <0.248.0> Priority queues enabled, real BQ is rabbit_variable_queue
2024-04-02 00:11:30.603446+00:00 [info] <0.248.0> Running boot step rabbit_queue_location_client_local defined by app rabbit
2024-04-02 00:11:30.603468+00:00 [info] <0.248.0> Running boot step rabbit_queue_location_min_masters defined by app rabbit
2024-04-02 00:11:30.603487+00:00 [info] <0.248.0> Running boot step rabbit_queue_location_random defined by app rabbit
2024-04-02 00:11:30.603501+00:00 [info] <0.248.0> Running boot step kernel_ready defined by app rabbit
2024-04-02 00:11:30.603509+00:00 [info] <0.248.0> Running boot step rabbit_sysmon_minder defined by app rabbit
2024-04-02 00:11:30.603594+00:00 [info] <0.248.0> Running boot step rabbit_epmd_monitor defined by app rabbit
2024-04-02 00:11:30.604249+00:00 [info] <0.587.0> epmd monitor knows us, inter-node communication (distribution) port: 25672
2024-04-02 00:11:30.604351+00:00 [info] <0.248.0> Running boot step guid_generator defined by app rabbit
2024-04-02 00:11:30.612995+00:00 [info] <0.248.0> Running boot step rabbit_node_monitor defined by app rabbit
2024-04-02 00:11:30.613297+00:00 [info] <0.591.0> Starting rabbit_node_monitor (in ignore mode)
2024-04-02 00:11:30.613407+00:00 [info] <0.248.0> Running boot step delegate_sup defined by app rabbit
2024-04-02 00:11:30.613657+00:00 [info] <0.248.0> Running boot step rabbit_memory_monitor defined by app rabbit
2024-04-02 00:11:30.613825+00:00 [info] <0.248.0> Running boot step rabbit_fifo_dlx_sup defined by app rabbit
2024-04-02 00:11:30.613904+00:00 [info] <0.248.0> Running boot step core_initialized defined by app rabbit
2024-04-02 00:11:30.613928+00:00 [info] <0.248.0> Running boot step rabbit_channel_tracking_handler defined by app rabbit
2024-04-02 00:11:30.613979+00:00 [info] <0.248.0> Running boot step rabbit_connection_tracking_handler defined by app rabbit
2024-04-02 00:11:30.613995+00:00 [info] <0.248.0> Running boot step rabbit_definitions_hashing defined by app rabbit
2024-04-02 00:11:30.614034+00:00 [info] <0.248.0> Running boot step rabbit_exchange_parameters defined by app rabbit
2024-04-02 00:11:30.640261+00:00 [info] <0.248.0> Running boot step rabbit_mirror_queue_misc defined by app rabbit
2024-04-02 00:11:30.640718+00:00 [info] <0.248.0> Running boot step rabbit_policies defined by app rabbit
2024-04-02 00:11:30.640945+00:00 [info] <0.248.0> Running boot step rabbit_policy defined by app rabbit
2024-04-02 00:11:30.640991+00:00 [info] <0.248.0> Running boot step rabbit_queue_location_validator defined by app rabbit
2024-04-02 00:11:30.641022+00:00 [info] <0.248.0> Running boot step rabbit_quorum_memory_manager defined by app rabbit
2024-04-02 00:11:30.641056+00:00 [info] <0.248.0> Running boot step rabbit_quorum_queue defined by app rabbit
2024-04-02 00:11:30.641116+00:00 [info] <0.248.0> Running boot step rabbit_stream_coordinator defined by app rabbit
2024-04-02 00:11:30.641380+00:00 [info] <0.248.0> Running boot step rabbit_vhost_limit defined by app rabbit
2024-04-02 00:11:30.641423+00:00 [info] <0.248.0> Running boot step rabbit_mgmt_reset_handler defined by app rabbitmq_management
2024-04-02 00:11:30.641441+00:00 [info] <0.248.0> Running boot step rabbit_mgmt_db_handler defined by app rabbitmq_management_agent
2024-04-02 00:11:30.641458+00:00 [info] <0.248.0> Management plugin: using rates mode 'basic'
2024-04-02 00:11:30.641597+00:00 [info] <0.248.0> Running boot step recovery defined by app rabbit
2024-04-02 00:11:30.652719+00:00 [info] <0.248.0> Running boot step empty_db_check defined by app rabbit
2024-04-02 00:11:30.652789+00:00 [info] <0.248.0> Will seed default virtual host and user...
2024-04-02 00:11:30.652887+00:00 [info] <0.248.0> Adding vhost '/' (description: 'Default virtual host', tags: [])
2024-04-02 00:11:30.656113+00:00 [info] <0.248.0> Inserted a virtual host record {vhost,<<"/">>,[],
2024-04-02 00:11:30.656113+00:00 [info] <0.248.0>                                       #{description =>
2024-04-02 00:11:30.656113+00:00 [info] <0.248.0>                                             <<"Default virtual host">>,
2024-04-02 00:11:30.656113+00:00 [info] <0.248.0>                                         tags => []}}
2024-04-02 00:11:30.677434+00:00 [info] <0.638.0> Making sure data directory '/var/lib/rabbitmq/mnesia/rabbit@a23ada6e15dd/msg_stores/vhosts/628WB79CIFDYO9LJI6DKMI09L' for vhost '/' exists
2024-04-02 00:11:30.686228+00:00 [info] <0.638.0> Setting segment_entry_count for vhost '/' with 0 queues to '2048'
2024-04-02 00:11:30.709035+00:00 [info] <0.638.0> Starting message stores for vhost '/'
2024-04-02 00:11:30.714384+00:00 [info] <0.648.0> Message store "628WB79CIFDYO9LJI6DKMI09L/msg_store_transient": using rabbit_msg_store_ets_index to provide index
2024-04-02 00:11:30.721866+00:00 [info] <0.638.0> Started message store of type transient for vhost '/'
2024-04-02 00:11:30.722045+00:00 [info] <0.652.0> Message store "628WB79CIFDYO9LJI6DKMI09L/msg_store_persistent": using rabbit_msg_store_ets_index to provide index
2024-04-02 00:11:30.723854+00:00 [warning] <0.652.0> Message store "628WB79CIFDYO9LJI6DKMI09L/msg_store_persistent": rebuilding indices from scratch
2024-04-02 00:11:30.728546+00:00 [info] <0.638.0> Started message store of type persistent for vhost '/'
2024-04-02 00:11:30.728677+00:00 [info] <0.638.0> Recovering 0 queues of type rabbit_classic_queue took 39ms
2024-04-02 00:11:30.728709+00:00 [info] <0.638.0> Recovering 0 queues of type rabbit_quorum_queue took 0ms
2024-04-02 00:11:30.728741+00:00 [info] <0.638.0> Recovering 0 queues of type rabbit_stream_queue took 0ms
2024-04-02 00:11:30.732480+00:00 [info] <0.248.0> Created user 'admin'
2024-04-02 00:11:30.735422+00:00 [info] <0.248.0> Successfully set user tags for user 'admin' to [administrator]
2024-04-02 00:11:30.738374+00:00 [info] <0.248.0> Successfully set permissions for user 'admin' in virtual host '/' to '.*', '.*', '.*'
2024-04-02 00:11:30.738457+00:00 [info] <0.248.0> Running boot step rabbit_observer_cli defined by app rabbit
2024-04-02 00:11:30.738529+00:00 [info] <0.248.0> Running boot step rabbit_looking_glass defined by app rabbit
2024-04-02 00:11:30.738542+00:00 [info] <0.248.0> Running boot step rabbit_core_metrics_gc defined by app rabbit
2024-04-02 00:11:30.738657+00:00 [info] <0.248.0> Running boot step background_gc defined by app rabbit
2024-04-02 00:11:30.738754+00:00 [info] <0.248.0> Running boot step routing_ready defined by app rabbit
2024-04-02 00:11:30.738766+00:00 [info] <0.248.0> Running boot step pre_flight defined by app rabbit
2024-04-02 00:11:30.738789+00:00 [info] <0.248.0> Running boot step notify_cluster defined by app rabbit
2024-04-02 00:11:30.738813+00:00 [info] <0.248.0> Running boot step networking defined by app rabbit
2024-04-02 00:11:30.738871+00:00 [info] <0.248.0> Running boot step rabbit_quorum_queue_periodic_membership_reconciliation defined by app rabbit
2024-04-02 00:11:30.738979+00:00 [info] <0.248.0> Running boot step definition_import_worker_pool defined by app rabbit
2024-04-02 00:11:30.739005+00:00 [info] <0.308.0> Starting worker pool 'definition_import_pool' with 24 processes in it
2024-04-02 00:11:30.739525+00:00 [info] <0.248.0> Running boot step cluster_name defined by app rabbit
2024-04-02 00:11:30.739584+00:00 [info] <0.248.0> Initialising internal cluster ID to 'rabbitmq-cluster-id-9ts2STtTNfyK-nmq6OjFug'
2024-04-02 00:11:30.742316+00:00 [info] <0.248.0> Running boot step direct_client defined by app rabbit
2024-04-02 00:11:30.742423+00:00 [info] <0.248.0> Running boot step rabbit_management_load_definitions defined by app rabbitmq_management
2024-04-02 00:11:30.742469+00:00 [info] <0.709.0> Resetting node maintenance status
2024-04-02 00:11:30.753472+00:00 [warning] <0.732.0> Deprecated features: `management_metrics_collection`: Feature `management_metrics_collection` is deprecated.
2024-04-02 00:11:30.753472+00:00 [warning] <0.732.0> By default, this feature can still be used for now.
2024-04-02 00:11:30.753472+00:00 [warning] <0.732.0> Its use will not be permitted by default in a future minor RabbitMQ version and the feature will be removed from a future major RabbitMQ version; actual versions to be determined.
2024-04-02 00:11:30.753472+00:00 [warning] <0.732.0> To continue using this feature when it is not permitted by default, set the following parameter in your configuration:
2024-04-02 00:11:30.753472+00:00 [warning] <0.732.0>     "deprecated_features.permit.management_metrics_collection = true"
2024-04-02 00:11:30.753472+00:00 [warning] <0.732.0> To test RabbitMQ as if the feature was removed, set this in your configuration:
2024-04-02 00:11:30.753472+00:00 [warning] <0.732.0>     "deprecated_features.permit.management_metrics_collection = false"
2024-04-02 00:11:33.108823+00:00 [info] <0.769.0> Management plugin: HTTP (non-TLS) listener started on port 15672
2024-04-02 00:11:33.108968+00:00 [info] <0.800.0> Statistics database started.
2024-04-02 00:11:33.109009+00:00 [info] <0.799.0> Starting worker pool 'management_worker_pool' with 3 processes in it
2024-04-02 00:11:33.109535+00:00 [info] <0.809.0> rabbit_stomp: default user 'guest' enabled
2024-04-02 00:11:33.109941+00:00 [info] <0.828.0> started STOMP TCP listener on [::]:61613
2024-04-02 00:11:33.110662+00:00 [info] <0.835.0> Starting MQTT retained message store rabbit_mqtt_retained_msg_store_dets for vhost '/'
2024-04-02 00:11:33.111211+00:00 [info] <0.835.0> Recovered MQTT retained message store rabbit_mqtt_retained_msg_store_dets for vhost '/'
2024-04-02 00:11:33.111500+00:00 [info] <0.855.0> started MQTT TCP listener on [::]:1883
2024-04-02 00:11:33.111868+00:00 [info] <0.709.0> Ready to start client connection listeners
2024-04-02 00:11:33.112779+00:00 [info] <0.873.0> started TCP listener on [::]:5672
2024-04-02 00:11:33.171636+00:00 [info] <0.709.0> Server startup complete; 5 plugins started.
2024-04-02 00:11:33.171636+00:00 [info] <0.709.0>  * rabbitmq_mqtt
2024-04-02 00:11:33.171636+00:00 [info] <0.709.0>  * rabbitmq_stomp
2024-04-02 00:11:33.171636+00:00 [info] <0.709.0>  * rabbitmq_management
2024-04-02 00:11:33.171636+00:00 [info] <0.709.0>  * rabbitmq_management_agent
2024-04-02 00:11:33.171636+00:00 [info] <0.709.0>  * rabbitmq_web_dispatch
2024-04-02 00:11:33.355970+00:00 [info] <0.9.0> Time to start RabbitMQ: 7128827 us
2024-04-02 00:22:19.313122+00:00 [info] <0.927.0> accepting STOMP connection <0.927.0> (172.18.0.1:49818 -> 172.18.0.3:61613)
2024-04-02 00:22:19.342725+00:00 [warning] <0.927.0> AMQP 0-9-1 client call timeout was 70000 ms, is updated to a safe effective value of 130000 ms
2024-04-02 00:22:40.224466+00:00 [info] <0.927.0> closing STOMP connection <0.927.0> (172.18.0.1:49818 -> 172.18.0.3:61613)
2024-04-02 00:22:40.231294+00:00 [info] <0.953.0> accepting STOMP connection <0.953.0> (172.18.0.1:49084 -> 172.18.0.3:61613)
2024-04-02 00:22:40.234760+00:00 [info] <0.953.0> closing STOMP connection <0.953.0> (172.18.0.1:49084 -> 172.18.0.3:61613)
